<?xml version="1.0" encoding="UTF-8"?>
<!-- Generated by org.testng.reporters.JUnitReportReporter -->
<testsuite hostname="Guru" failures="0" tests="1" name="testCases.FlightTestCases" time="50.776" errors="0" timestamp="2023-12-29T23:21:13 IST" skipped="0">
  <testcase classname="testCases.FlightTestCases" name="searchFlights" time="50.776"/>
</testsuite> <!-- testCases.FlightTestCases -->
